{
  "RSpec": {
    "coverage": {
      "/home/fair-gateway-0792/tic-tac-toe-rb-london-fastrack-051119/lib/tic_tac_toe.rb": [
        null,
        1,
        null,
        null,
        null,
        null,
        null,
        null,
        null,
        null,
        null,
        1,
        14,
        14,
        14,
        14,
        14,
        null,
        null,
        1,
        14,
        null,
        null,
        1,
        14,
        null,
        null,
        1,
        14,
        null,
        null,
        1,
        14,
        null,
        null,
        1,
        14,
        14,
        14,
        14,
        14,
        14,
        null,
        0,
        null,
        null,
        null,
        1,
        0,
        0,
        0,
        0,
        null,
        null,
        0,
        null,
        null,
        1,
        0,
        0,
        null,
        0,
        null,
        null,
        null,
        1,
        37,
        742,
        12,
        null,
        null,
        25,
        null,
        null,
        1,
        99,
        null,
        null,
        1,
        10,
        null,
        null,
        1,
        15,
        8,
        null,
        null,
        null,
        1,
        22,
        null,
        2,
        2,
        0,
        0,
        null,
        null,
        null,
        1,
        12,
        14,
        14,
        4,
        10,
        0,
        null,
        null,
        null
      ]
    },
    "timestamp": 1558185245
  }
}
