{
  "RSpec": {
    "coverage": {
      "/home/fair-gateway-0792/tic-tac-toe-rb-london-fastrack-051119/lib/tic_tac_toe.rb": [
        null,
        1,
        null,
        null,
        null,
        null,
        null,
        null,
        null,
        null,
        null,
        1,
        13,
        13,
        13,
        13,
        13,
        null,
        null,
        1,
        13,
        null,
        null,
        1,
        13,
        null,
        null,
        1,
        13,
        null,
        null,
        1,
        13,
        null,
        null,
        1,
        13,
        13,
        13,
        13,
        13,
        13,
        null,
        0,
        null,
        null,
        null,
        1,
        0,
        0,
        0,
        0,
        null,
        null,
        0,
        null,
        null,
        1,
        0,
        0,
        null,
        0,
        null,
        null,
        null,
        1,
        36,
        738,
        11,
        null,
        null,
        25,
        null,
        null,
        1,
        75,
        null,
        null,
        1,
        7,
        null,
        null,
        1,
        12,
        6,
        null,
        null,
        null,
        1,
        22,
        null,
        2,
        2,
        0,
        0,
        null,
        null,
        null,
        1,
        12,
        13,
        13,
        3,
        10,
        0,
        null,
        null,
        null
      ]
    },
    "timestamp": 1558185336
  }
}
