{
  "RSpec": {
    "coverage": {
      "/home/fair-gateway-0792/tic-tac-toe-rb-london-fastrack-051119/lib/tic_tac_toe.rb": [
        null,
        1,
        null,
        null,
        null,
        null,
        null,
        null,
        null,
        null,
        null,
        1,
        14,
        14,
        14,
        14,
        14,
        null,
        null,
        1,
        14,
        null,
        null,
        1,
        14,
        null,
        null,
        1,
        14,
        null,
        null,
        1,
        14,
        null,
        null,
        1,
        14,
        14,
        14,
        14,
        14,
        14,
        null,
        0,
        null,
        null,
        null,
        1,
        0,
        0,
        0,
        0,
        null,
        null,
        0,
        null,
        null,
        1,
        0,
        0,
        null,
        0,
        null,
        null,
        null,
        1,
        53,
        800,
        34,
        null,
        null,
        19,
        null,
        null,
        1,
        129,
        null,
        null,
        1,
        15,
        null,
        null,
        1,
        15,
        8,
        null,
        null,
        null,
        1,
        18,
        null,
        6,
        4,
        2,
        2,
        null,
        null,
        null,
        1,
        12,
        14,
        null,
        12,
        5,
        7,
        1,
        6,
        3,
        null,
        null
      ]
    },
    "timestamp": 1558185443
  }
}
